<?xml version="1.0" encoding="UTF-8"?>
<!-- Generated by org.testng.reporters.JUnitXMLReporter -->
<testsuite ignored="4" hostname="TYSS-SHUBHA" failures="0" tests="1" name="Default test" time="6.102" errors="0" timestamp="2023-08-24T11:31:31 IST">
  <testcase classname="com.tutorialsninjas.qa.testcases.LoginTest" name="verifyLoginWithoutProvidingCredencials" time="0.506"/>
  <testcase classname="com.tutorialsninjas.qa.testcases.LoginTest" name="verifyLoginWithInvalidEmailAndValidPassword" time="0.0">
    <ignored/>
  </testcase> <!-- verifyLoginWithInvalidEmailAndValidPassword -->
  <testcase classname="com.tutorialsninjas.qa.testcases.LoginTest" name="verifyLoginWithInvalidCredential" time="0.0">
    <ignored/>
  </testcase> <!-- verifyLoginWithInvalidCredential -->
  <testcase classname="com.tutorialsninjas.qa.testcases.LoginTest" name="verifyLoginWithValidEmailAndInValidPassword" time="0.0">
    <ignored/>
  </testcase> <!-- verifyLoginWithValidEmailAndInValidPassword -->
  <testcase classname="com.tutorialsninjas.qa.testcases.LoginTest" name="verifyLoginWithValidCredential" time="0.0">
    <ignored/>
  </testcase> <!-- verifyLoginWithValidCredential -->
</testsuite> <!-- Default test -->
