<?xml version="1.0" encoding="UTF-8"?>
<!-- Generated by org.testng.reporters.JUnitXMLReporter -->
<testsuite ignored="0" hostname="TYSS-SHUBHA" failures="1" tests="14" name="TutorialsNinja Test Cases" time="56.114" errors="0" timestamp="2023-08-24T11:38:11 IST">
  <testcase classname="com.tutorialsninjas.qa.testcases.LoginTest" name="verifyLoginWithValidCredential" time="0.828"/>
  <testcase classname="com.tutorialsninjas.qa.testcases.LoginTest" name="verifyLoginWithValidCredential" time="0.816"/>
  <testcase classname="com.tutorialsninjas.qa.testcases.LoginTest" name="verifyLoginWithValidCredential" time="0.796"/>
  <testcase classname="com.tutorialsninjas.qa.testcases.LoginTest" name="verifyLoginWithInvalidCredential" time="0.655"/>
  <testcase classname="com.tutorialsninjas.qa.testcases.LoginTest" name="verifyLoginWithInvalidEmailAndValidPassword" time="0.639"/>
  <testcase classname="com.tutorialsninjas.qa.testcases.LoginTest" name="verifyLoginWithValidEmailAndInValidPassword" time="0.722"/>
  <testcase classname="com.tutorialsninjas.qa.testcases.LoginTest" name="verifyLoginWithoutProvidingCredencials" time="0.409"/>
  <testcase classname="com.tutorialsninjas.qa.testcases.RegisterTest" name="verifyRegisteringAnAccountWithMandatoryFields" time="1.213"/>
  <testcase classname="com.tutorialsninjas.qa.testcases.RegisterTest" name="verifyRegisteringAccounByProvidingAllFields" time="1.264"/>
  <testcase classname="com.tutorialsninjas.qa.testcases.RegisterTest" name="verifyRegisteringAnAccountWithExistingEmailAddress" time="0.946"/>
  <testcase classname="com.tutorialsninjas.qa.testcases.RegisterTest" name="verifyRegisteringAnAccountWithoutFillingAnyDetails" time="0.489"/>
  <testcase classname="com.tutorialsninjas.qa.testcases.SearchTest" name="verifySearchWithValidProduct" time="0.618"/>
  <testcase classname="com.tutorialsninjas.qa.testcases.SearchTest" name="verifySearchWithInvalidProduct" time="0.466">
    <failure type="java.lang.AssertionError" message="No product Message in Search result is not displayed expected [null] but found [There is no product that matches the search criteria.]">
      <![CDATA[java.lang.AssertionError: No product Message in Search result is not displayed expected [null] but found [There is no product that matches the search criteria.]
at com.tutorialsninjas.qa.testcases.SearchTest.verifySearchWithInvalidProduct(SearchTest.java:51)
at java.base/java.util.ArrayList.forEach(ArrayList.java:1511)
... Removed 32 stack frames]]>
    </failure>
  </testcase> <!-- verifySearchWithInvalidProduct -->
  <testcase classname="com.tutorialsninjas.qa.testcases.SearchTest" name="verifySearchWithoutAnyProduct" time="0.0">
    <skipped/>
  </testcase> <!-- verifySearchWithoutAnyProduct -->
</testsuite> <!-- TutorialsNinja Test Cases -->
